WARNING: A restricted method in java.lang.System has been called
WARNING: java.lang.System::load has been called by org.fusesource.jansi.internal.JansiLoader in an unnamed module (file:/C:/Users/evand/.m2/wrapper/dists/apache-maven-3.8.6-bin/1ks0nkde5v1pk9vtc31i9d0lcd/apache-maven-3.8.6/lib/jansi-2.4.0.jar)
WARNING: Use --enable-native-access=ALL-UNNAMED to avoid a warning for callers in this module
WARNING: Restricted methods will be blocked in a future release unless native access is enabled

WARNING: A terminally deprecated method in sun.misc.Unsafe has been called
WARNING: sun.misc.Unsafe::objectFieldOffset has been called by com.google.common.util.concurrent.AbstractFuture$UnsafeAtomicHelper (file:/C:/Users/evand/.m2/wrapper/dists/apache-maven-3.8.6-bin/1ks0nkde5v1pk9vtc31i9d0lcd/apache-maven-3.8.6/lib/guava-25.1-android.jar)
WARNING: Please consider reporting this to the maintainers of class com.google.common.util.concurrent.AbstractFuture$UnsafeAtomicHelper
WARNING: sun.misc.Unsafe::objectFieldOffset will be removed in a future release
[INFO] Scanning for projects...
[INFO] 
[INFO] ------------------------< com.alibou:security >-------------------------
[INFO] Building security 0.0.1-SNAPSHOT
[INFO] --------------------------------[ jar ]---------------------------------
[INFO] 
[INFO] --- maven-clean-plugin:3.2.0:clean (default-clean) @ security ---
[INFO] Deleting C:\Projetos\spring-boot-3-jwt-security\target
[INFO] 
[INFO] --- maven-resources-plugin:3.3.1:resources (default-resources) @ security ---
[INFO] Copying 1 resource from src\main\resources to target\classes
[INFO] Copying 0 resource from src\main\resources to target\classes
[INFO] 
[INFO] --- maven-compiler-plugin:3.11.0:compile (default-compile) @ security ---
[INFO] Changes detected - recompiling the module! :source
[INFO] Compiling 85 source files with javac [debug release 17] to target\classes
[INFO] -------------------------------------------------------------
[ERROR] COMPILATION ERROR : 
[INFO] -------------------------------------------------------------
[ERROR] /C:/Projetos/spring-boot-3-jwt-security/src/main/java/com/alibou/core/security/user/UserController.java:[17,31] variable service not initialized in the default constructor
[ERROR] /C:/Projetos/spring-boot-3-jwt-security/src/main/java/com/alibou/core/security/user/UserService.java:[21,45] cannot find symbol
  symbol:   method getCurrentPassword()
  location: variable request of type com.alibou.core.security.user.ChangePasswordRequest
[ERROR] /C:/Projetos/spring-boot-3-jwt-security/src/main/java/com/alibou/core/security/user/UserService.java:[25,21] cannot find symbol
  symbol:   method getNewPassword()
  location: variable request of type com.alibou.core.security.user.ChangePasswordRequest
[ERROR] /C:/Projetos/spring-boot-3-jwt-security/src/main/java/com/alibou/core/security/user/UserService.java:[25,53] cannot find symbol
  symbol:   method getConfirmationPassword()
  location: variable request of type com.alibou.core.security.user.ChangePasswordRequest
[ERROR] /C:/Projetos/spring-boot-3-jwt-security/src/main/java/com/alibou/core/security/user/UserService.java:[30,56] cannot find symbol
  symbol:   method getNewPassword()
  location: variable request of type com.alibou.core.security.user.ChangePasswordRequest
[ERROR] /C:/Projetos/spring-boot-3-jwt-security/src/main/java/com/alibou/core/security/user/Permission.java:[9,15] constructor Permission in enum com.alibou.core.security.user.Permission cannot be applied to given types;
  required: no arguments
  found:    java.lang.String
  reason: actual and formal argument lists differ in length
[ERROR] /C:/Projetos/spring-boot-3-jwt-security/src/main/java/com/alibou/core/security/user/Permission.java:[10,17] constructor Permission in enum com.alibou.core.security.user.Permission cannot be applied to given types;
  required: no arguments
  found:    java.lang.String
  reason: actual and formal argument lists differ in length
[ERROR] /C:/Projetos/spring-boot-3-jwt-security/src/main/java/com/alibou/core/security/user/Permission.java:[11,17] constructor Permission in enum com.alibou.core.security.user.Permission cannot be applied to given types;
  required: no arguments
  found:    java.lang.String
  reason: actual and formal argument lists differ in length
[ERROR] /C:/Projetos/spring-boot-3-jwt-security/src/main/java/com/alibou/core/security/user/Permission.java:[12,17] constructor Permission in enum com.alibou.core.security.user.Permission cannot be applied to given types;
  required: no arguments
  found:    java.lang.String
  reason: actual and formal argument lists differ in length
[ERROR] /C:/Projetos/spring-boot-3-jwt-security/src/main/java/com/alibou/core/security/user/Permission.java:[13,17] constructor Permission in enum com.alibou.core.security.user.Permission cannot be applied to given types;
  required: no arguments
  found:    java.lang.String
  reason: actual and formal argument lists differ in length
[ERROR] /C:/Projetos/spring-boot-3-jwt-security/src/main/java/com/alibou/core/security/user/Permission.java:[14,19] constructor Permission in enum com.alibou.core.security.user.Permission cannot be applied to given types;
  required: no arguments
  found:    java.lang.String
  reason: actual and formal argument lists differ in length
[ERROR] /C:/Projetos/spring-boot-3-jwt-security/src/main/java/com/alibou/core/security/user/Permission.java:[15,19] constructor Permission in enum com.alibou.core.security.user.Permission cannot be applied to given types;
  required: no arguments
  found:    java.lang.String
  reason: actual and formal argument lists differ in length
[ERROR] /C:/Projetos/spring-boot-3-jwt-security/src/main/java/com/alibou/core/security/user/Permission.java:[16,19] constructor Permission in enum com.alibou.core.security.user.Permission cannot be applied to given types;
  required: no arguments
  found:    java.lang.String
  reason: actual and formal argument lists differ in length
[ERROR] /C:/Projetos/spring-boot-3-jwt-security/src/main/java/com/alibou/core/security/user/Role.java:[24,7] constructor Role in enum com.alibou.core.security.user.Role cannot be applied to given types;
  required: no arguments
  found:    java.util.Set<java.lang.Object>
  reason: actual and formal argument lists differ in length
[ERROR] /C:/Projetos/spring-boot-3-jwt-security/src/main/java/com/alibou/core/security/user/Role.java:[25,8] constructor Role in enum com.alibou.core.security.user.Role cannot be applied to given types;
  required: no arguments
  found:    java.util.Set<com.alibou.core.security.user.Permission>
  reason: actual and formal argument lists differ in length
[ERROR] /C:/Projetos/spring-boot-3-jwt-security/src/main/java/com/alibou/core/security/user/Role.java:[37,10] constructor Role in enum com.alibou.core.security.user.Role cannot be applied to given types;
  required: no arguments
  found:    java.util.Set<com.alibou.core.security.user.Permission>
  reason: actual and formal argument lists differ in length
[ERROR] /C:/Projetos/spring-boot-3-jwt-security/src/main/java/com/alibou/core/security/user/Role.java:[52,23] cannot find symbol
  symbol:   method getPermissions()
  location: class com.alibou.core.security.user.Role
[ERROR] /C:/Projetos/spring-boot-3-jwt-security/src/main/java/com/alibou/core/security/config/LogoutService.java:[33,18] cannot find symbol
  symbol:   method setExpired(boolean)
  location: variable storedToken of type com.alibou.core.security.token.Token
[ERROR] /C:/Projetos/spring-boot-3-jwt-security/src/main/java/com/alibou/core/security/config/LogoutService.java:[34,18] cannot find symbol
  symbol:   method setRevoked(boolean)
  location: variable storedToken of type com.alibou.core.security.token.Token
[ERROR] /C:/Projetos/spring-boot-3-jwt-security/src/main/java/com/alibou/core/security/auditing/ApplicationAuditAware.java:[26,49] cannot find symbol
  symbol:   method getId()
  location: variable userPrincipal of type com.alibou.core.security.user.User
[ERROR] /C:/Projetos/spring-boot-3-jwt-security/src/main/java/com/alibou/core/security/config/JwtAuthenticationFilter.java:[51,23] cannot find symbol
  symbol:   method isExpired()
  location: variable t of type com.alibou.core.security.token.Token
[ERROR] /C:/Projetos/spring-boot-3-jwt-security/src/main/java/com/alibou/core/security/config/JwtAuthenticationFilter.java:[51,41] cannot find symbol
  symbol:   method isRevoked()
  location: variable t of type com.alibou.core.security.token.Token
[ERROR] /C:/Projetos/spring-boot-3-jwt-security/src/main/java/com/alibou/core/security/config/JwtAuthenticationFilter.java:[53,53] bad operand types for binary operator '&&'
  first type:  boolean
  second type: java.lang.Object
[ERROR] /C:/Projetos/spring-boot-3-jwt-security/src/main/java/com/alibou/core/domain/situacao/SituacaoService.java:[17,32] cannot find symbol
  symbol:   method builder()
  location: class com.alibou.core.domain.situacao.Situacao
[ERROR] /C:/Projetos/spring-boot-3-jwt-security/src/main/java/com/alibou/core/domain/situacao/SituacaoService.java:[18,28] cannot find symbol
  symbol:   method getId()
  location: variable request of type com.alibou.core.domain.situacao.SituacaoRequest
[ERROR] /C:/Projetos/spring-boot-3-jwt-security/src/main/java/com/alibou/core/domain/situacao/SituacaoService.java:[19,30] cannot find symbol
  symbol:   method getNome()
  location: variable request of type com.alibou.core.domain.situacao.SituacaoRequest
[ERROR] /C:/Projetos/spring-boot-3-jwt-security/src/main/java/com/alibou/core/domain/situacao/SituacaoService.java:[20,35] cannot find symbol
  symbol:   method getDescricao()
  location: variable request of type com.alibou.core.domain.situacao.SituacaoRequest
[ERROR] /C:/Projetos/spring-boot-3-jwt-security/src/main/java/com/alibou/core/domain/situacao/SituacaoService.java:[37,42] cannot find symbol
  symbol:   method getNome()
  location: variable request of type com.alibou.core.domain.situacao.SituacaoRequest
[ERROR] /C:/Projetos/spring-boot-3-jwt-security/src/main/java/com/alibou/core/domain/situacao/SituacaoService.java:[38,47] cannot find symbol
  symbol:   method getDescricao()
  location: variable request of type com.alibou.core.domain.situacao.SituacaoRequest
[ERROR] /C:/Projetos/spring-boot-3-jwt-security/src/main/java/com/alibou/core/domain/al_servicos/ServicoService.java:[16,30] cannot find symbol
  symbol:   method builder()
  location: class com.alibou.core.domain.servicos.Servico
[ERROR] /C:/Projetos/spring-boot-3-jwt-security/src/main/java/com/alibou/core/domain/al_servicos/ServicoService.java:[17,28] cannot find symbol
  symbol:   method getId()
  location: variable request of type com.alibou.core.domain.servicos.ServicoRequest
[ERROR] /C:/Projetos/spring-boot-3-jwt-security/src/main/java/com/alibou/core/domain/al_servicos/ServicoService.java:[18,30] cannot find symbol
  symbol:   method getNome()
  location: variable request of type com.alibou.core.domain.servicos.ServicoRequest
[ERROR] /C:/Projetos/spring-boot-3-jwt-security/src/main/java/com/alibou/core/domain/al_servicos/ServicoService.java:[19,35] cannot find symbol
  symbol:   method getCategoria()
  location: variable request of type com.alibou.core.domain.servicos.ServicoRequest
[ERROR] /C:/Projetos/spring-boot-3-jwt-security/src/main/java/com/alibou/core/domain/al_servicos/ServicoService.java:[20,41] cannot find symbol
  symbol:   method getDuracao_minutos()
  location: variable request of type com.alibou.core.domain.servicos.ServicoRequest
[ERROR] /C:/Projetos/spring-boot-3-jwt-security/src/main/java/com/alibou/core/domain/al_servicos/ServicoService.java:[21,31] cannot find symbol
  symbol:   method getPreco()
  location: variable request of type com.alibou.core.domain.servicos.ServicoRequest
[ERROR] /C:/Projetos/spring-boot-3-jwt-security/src/main/java/com/alibou/core/domain/al_servicos/ServicoService.java:[22,35] cannot find symbol
  symbol:   method getDescricao()
  location: variable request of type com.alibou.core.domain.servicos.ServicoRequest
[ERROR] /C:/Projetos/spring-boot-3-jwt-security/src/main/java/com/alibou/core/domain/al_servicos/ServicoService.java:[23,35] cannot find symbol
  symbol:   method builder()
  location: class com.alibou.core.domain.situacao.Situacao
[ERROR] /C:/Projetos/spring-boot-3-jwt-security/src/main/java/com/alibou/core/domain/al_servicos/ServicoService.java:[24,51] cannot find symbol
  symbol:   method getId_situacao()
  location: variable request of type com.alibou.core.domain.servicos.ServicoRequest
[ERROR] /C:/Projetos/spring-boot-3-jwt-security/src/main/java/com/alibou/core/domain/al_servicos/ServicoService.java:[43,41] cannot find symbol
  symbol:   method getNome()
  location: variable request of type com.alibou.core.domain.servicos.ServicoRequest
[ERROR] /C:/Projetos/spring-boot-3-jwt-security/src/main/java/com/alibou/core/domain/al_servicos/ServicoService.java:[44,46] cannot find symbol
  symbol:   method getCategoria()
  location: variable request of type com.alibou.core.domain.servicos.ServicoRequest
[ERROR] /C:/Projetos/spring-boot-3-jwt-security/src/main/java/com/alibou/core/domain/al_servicos/ServicoService.java:[45,52] cannot find symbol
  symbol:   method getDuracao_minutos()
  location: variable request of type com.alibou.core.domain.servicos.ServicoRequest
[ERROR] /C:/Projetos/spring-boot-3-jwt-security/src/main/java/com/alibou/core/domain/al_servicos/ServicoService.java:[46,42] cannot find symbol
  symbol:   method getPreco()
  location: variable request of type com.alibou.core.domain.servicos.ServicoRequest
[ERROR] /C:/Projetos/spring-boot-3-jwt-security/src/main/java/com/alibou/core/domain/al_servicos/ServicoService.java:[47,46] cannot find symbol
  symbol:   method getDescricao()
  location: variable request of type com.alibou.core.domain.servicos.ServicoRequest
[ERROR] /C:/Projetos/spring-boot-3-jwt-security/src/main/java/com/alibou/core/domain/al_servicos/ServicoService.java:[49,25] cannot find symbol
  symbol:   method builder()
  location: class com.alibou.core.domain.situacao.Situacao
[ERROR] /C:/Projetos/spring-boot-3-jwt-security/src/main/java/com/alibou/core/domain/al_servicos/ServicoService.java:[50,36] cannot find symbol
  symbol:   method getId_situacao()
  location: variable request of type com.alibou.core.domain.servicos.ServicoRequest
[ERROR] /C:/Projetos/spring-boot-3-jwt-security/src/main/java/com/alibou/core/security/auth/AuthenticationService.java:[31,20] cannot find symbol
  symbol:   method builder()
  location: class com.alibou.core.security.user.User
[ERROR] /C:/Projetos/spring-boot-3-jwt-security/src/main/java/com/alibou/core/security/auth/AuthenticationService.java:[32,27] cannot find symbol
  symbol:   method getFirstname()
  location: variable request of type com.alibou.core.security.auth.RegisterRequest
[ERROR] /C:/Projetos/spring-boot-3-jwt-security/src/main/java/com/alibou/core/security/auth/AuthenticationService.java:[33,26] cannot find symbol
  symbol:   method getLastname()
  location: variable request of type com.alibou.core.security.auth.RegisterRequest
[ERROR] /C:/Projetos/spring-boot-3-jwt-security/src/main/java/com/alibou/core/security/auth/AuthenticationService.java:[34,23] cannot find symbol
  symbol:   method getEmail()
  location: variable request of type com.alibou.core.security.auth.RegisterRequest
[ERROR] /C:/Projetos/spring-boot-3-jwt-security/src/main/java/com/alibou/core/security/auth/AuthenticationService.java:[35,49] cannot find symbol
  symbol:   method getPassword()
  location: variable request of type com.alibou.core.security.auth.RegisterRequest
[ERROR] /C:/Projetos/spring-boot-3-jwt-security/src/main/java/com/alibou/core/security/auth/AuthenticationService.java:[36,22] cannot find symbol
  symbol:   method getRole()
  location: variable request of type com.alibou.core.security.auth.RegisterRequest
[ERROR] /C:/Projetos/spring-boot-3-jwt-security/src/main/java/com/alibou/core/security/auth/AuthenticationService.java:[42,34] cannot find symbol
  symbol:   method builder()
  location: class com.alibou.core.security.auth.AuthenticationResponse
[ERROR] /C:/Projetos/spring-boot-3-jwt-security/src/main/java/com/alibou/core/security/auth/AuthenticationService.java:[51,20] cannot find symbol
  symbol:   method getEmail()
  location: variable request of type com.alibou.core.security.auth.AuthenticationRequest
[ERROR] /C:/Projetos/spring-boot-3-jwt-security/src/main/java/com/alibou/core/security/auth/AuthenticationService.java:[52,20] cannot find symbol
  symbol:   method getPassword()
  location: variable request of type com.alibou.core.security.auth.AuthenticationRequest
[ERROR] /C:/Projetos/spring-boot-3-jwt-security/src/main/java/com/alibou/core/security/auth/AuthenticationService.java:[55,46] cannot find symbol
  symbol:   method getEmail()
  location: variable request of type com.alibou.core.security.auth.AuthenticationRequest
[ERROR] /C:/Projetos/spring-boot-3-jwt-security/src/main/java/com/alibou/core/security/auth/AuthenticationService.java:[61,34] cannot find symbol
  symbol:   method builder()
  location: class com.alibou.core.security.auth.AuthenticationResponse
[ERROR] /C:/Projetos/spring-boot-3-jwt-security/src/main/java/com/alibou/core/security/auth/AuthenticationService.java:[68,22] cannot find symbol
  symbol:   method builder()
  location: class com.alibou.core.security.token.Token
[ERROR] /C:/Projetos/spring-boot-3-jwt-security/src/main/java/com/alibou/core/security/auth/AuthenticationService.java:[79,71] cannot find symbol
  symbol:   method getId()
  location: variable user of type com.alibou.core.security.user.User
[ERROR] /C:/Projetos/spring-boot-3-jwt-security/src/main/java/com/alibou/core/security/auth/AuthenticationService.java:[108,50] cannot find symbol
  symbol:   method builder()
  location: class com.alibou.core.security.auth.AuthenticationResponse
[ERROR] /C:/Projetos/spring-boot-3-jwt-security/src/main/java/com/alibou/core/SecurityApplication.java:[28,44] cannot find symbol
  symbol:   method builder()
  location: class com.alibou.core.security.auth.RegisterRequest
[ERROR] /C:/Projetos/spring-boot-3-jwt-security/src/main/java/com/alibou/core/SecurityApplication.java:[42,46] cannot find symbol
  symbol:   method builder()
  location: class com.alibou.core.security.auth.RegisterRequest
[ERROR] /C:/Projetos/spring-boot-3-jwt-security/src/main/java/com/alibou/core/domain/al_produtos/ProdutoService.java:[16,30] cannot find symbol
  symbol:   method builder()
  location: class com.alibou.core.domain.produtos.Produto
[ERROR] /C:/Projetos/spring-boot-3-jwt-security/src/main/java/com/alibou/core/domain/al_produtos/ProdutoService.java:[17,28] cannot find symbol
  symbol:   method getId()
  location: variable request of type com.alibou.core.domain.produtos.ProdutoRequest
[ERROR] /C:/Projetos/spring-boot-3-jwt-security/src/main/java/com/alibou/core/domain/al_produtos/ProdutoService.java:[18,30] cannot find symbol
  symbol:   method getNome()
  location: variable request of type com.alibou.core.domain.produtos.ProdutoRequest
[ERROR] /C:/Projetos/spring-boot-3-jwt-security/src/main/java/com/alibou/core/domain/al_produtos/ProdutoService.java:[19,35] cannot find symbol
  symbol:   method getCategoria()
  location: variable request of type com.alibou.core.domain.produtos.ProdutoRequest
[ERROR] /C:/Projetos/spring-boot-3-jwt-security/src/main/java/com/alibou/core/domain/al_produtos/ProdutoService.java:[20,37] cannot find symbol
  symbol:   method getPrecoCompra()
  location: variable request of type com.alibou.core.domain.produtos.ProdutoRequest
[ERROR] /C:/Projetos/spring-boot-3-jwt-security/src/main/java/com/alibou/core/domain/al_produtos/ProdutoService.java:[21,36] cannot find symbol
  symbol:   method getPrecoVenda()
  location: variable request of type com.alibou.core.domain.produtos.ProdutoRequest
[ERROR] /C:/Projetos/spring-boot-3-jwt-security/src/main/java/com/alibou/core/domain/al_produtos/ProdutoService.java:[22,35] cannot find symbol
  symbol:   method getDescricao()
  location: variable request of type com.alibou.core.domain.produtos.ProdutoRequest
[ERROR] /C:/Projetos/spring-boot-3-jwt-security/src/main/java/com/alibou/core/domain/al_produtos/ProdutoService.java:[23,35] cannot find symbol
  symbol:   method builder()
  location: class com.alibou.core.domain.situacao.Situacao
[ERROR] /C:/Projetos/spring-boot-3-jwt-security/src/main/java/com/alibou/core/domain/al_produtos/ProdutoService.java:[24,51] cannot find symbol
  symbol:   method getId_situacao()
  location: variable request of type com.alibou.core.domain.produtos.ProdutoRequest
[ERROR] /C:/Projetos/spring-boot-3-jwt-security/src/main/java/com/alibou/core/domain/al_produtos/ProdutoService.java:[43,41] cannot find symbol
  symbol:   method getNome()
  location: variable request of type com.alibou.core.domain.produtos.ProdutoRequest
[ERROR] /C:/Projetos/spring-boot-3-jwt-security/src/main/java/com/alibou/core/domain/al_produtos/ProdutoService.java:[44,46] cannot find symbol
  symbol:   method getCategoria()
  location: variable request of type com.alibou.core.domain.produtos.ProdutoRequest
[ERROR] /C:/Projetos/spring-boot-3-jwt-security/src/main/java/com/alibou/core/domain/al_produtos/ProdutoService.java:[45,48] cannot find symbol
  symbol:   method getPrecoCompra()
  location: variable request of type com.alibou.core.domain.produtos.ProdutoRequest
[ERROR] /C:/Projetos/spring-boot-3-jwt-security/src/main/java/com/alibou/core/domain/al_produtos/ProdutoService.java:[46,47] cannot find symbol
  symbol:   method getPrecoVenda()
  location: variable request of type com.alibou.core.domain.produtos.ProdutoRequest
[ERROR] /C:/Projetos/spring-boot-3-jwt-security/src/main/java/com/alibou/core/domain/al_produtos/ProdutoService.java:[47,46] cannot find symbol
  symbol:   method getDescricao()
  location: variable request of type com.alibou.core.domain.produtos.ProdutoRequest
[ERROR] /C:/Projetos/spring-boot-3-jwt-security/src/main/java/com/alibou/core/domain/al_produtos/ProdutoService.java:[49,25] cannot find symbol
  symbol:   method builder()
  location: class com.alibou.core.domain.situacao.Situacao
[ERROR] /C:/Projetos/spring-boot-3-jwt-security/src/main/java/com/alibou/core/domain/al_produtos/ProdutoService.java:[50,36] cannot find symbol
  symbol:   method getId_situacao()
  location: variable request of type com.alibou.core.domain.produtos.ProdutoRequest
[INFO] 77 errors 
[INFO] -------------------------------------------------------------
[INFO] ------------------------------------------------------------------------
[INFO] BUILD FAILURE
[INFO] ------------------------------------------------------------------------
[INFO] Total time:  2.487 s
[INFO] Finished at: 2025-12-06T22:09:02-03:00
[INFO] ------------------------------------------------------------------------
[ERROR] Failed to execute goal org.apache.maven.plugins:maven-compiler-plugin:3.11.0:compile (default-compile) on project security: Compilation failure: Compilation failure: 
[ERROR] /C:/Projetos/spring-boot-3-jwt-security/src/main/java/com/alibou/core/security/user/UserController.java:[17,31] variable service not initialized in the default constructor
[ERROR] /C:/Projetos/spring-boot-3-jwt-security/src/main/java/com/alibou/core/security/user/UserService.java:[21,45] cannot find symbol
[ERROR]   symbol:   method getCurrentPassword()
[ERROR]   location: variable request of type com.alibou.core.security.user.ChangePasswordRequest
[ERROR] /C:/Projetos/spring-boot-3-jwt-security/src/main/java/com/alibou/core/security/user/UserService.java:[25,21] cannot find symbol
[ERROR]   symbol:   method getNewPassword()
[ERROR]   location: variable request of type com.alibou.core.security.user.ChangePasswordRequest
[ERROR] /C:/Projetos/spring-boot-3-jwt-security/src/main/java/com/alibou/core/security/user/UserService.java:[25,53] cannot find symbol
[ERROR]   symbol:   method getConfirmationPassword()
[ERROR]   location: variable request of type com.alibou.core.security.user.ChangePasswordRequest
[ERROR] /C:/Projetos/spring-boot-3-jwt-security/src/main/java/com/alibou/core/security/user/UserService.java:[30,56] cannot find symbol
[ERROR]   symbol:   method getNewPassword()
[ERROR]   location: variable request of type com.alibou.core.security.user.ChangePasswordRequest
[ERROR] /C:/Projetos/spring-boot-3-jwt-security/src/main/java/com/alibou/core/security/user/Permission.java:[9,15] constructor Permission in enum com.alibou.core.security.user.Permission cannot be applied to given types;
[ERROR]   required: no arguments
[ERROR]   found:    java.lang.String
[ERROR]   reason: actual and formal argument lists differ in length
[ERROR] /C:/Projetos/spring-boot-3-jwt-security/src/main/java/com/alibou/core/security/user/Permission.java:[10,17] constructor Permission in enum com.alibou.core.security.user.Permission cannot be applied to given types;
[ERROR]   required: no arguments
[ERROR]   found:    java.lang.String
[ERROR]   reason: actual and formal argument lists differ in length
[ERROR] /C:/Projetos/spring-boot-3-jwt-security/src/main/java/com/alibou/core/security/user/Permission.java:[11,17] constructor Permission in enum com.alibou.core.security.user.Permission cannot be applied to given types;
[ERROR]   required: no arguments
[ERROR]   found:    java.lang.String
[ERROR]   reason: actual and formal argument lists differ in length
[ERROR] /C:/Projetos/spring-boot-3-jwt-security/src/main/java/com/alibou/core/security/user/Permission.java:[12,17] constructor Permission in enum com.alibou.core.security.user.Permission cannot be applied to given types;
[ERROR]   required: no arguments
[ERROR]   found:    java.lang.String
[ERROR]   reason: actual and formal argument lists differ in length
[ERROR] /C:/Projetos/spring-boot-3-jwt-security/src/main/java/com/alibou/core/security/user/Permission.java:[13,17] constructor Permission in enum com.alibou.core.security.user.Permission cannot be applied to given types;
[ERROR]   required: no arguments
[ERROR]   found:    java.lang.String
[ERROR]   reason: actual and formal argument lists differ in length
[ERROR] /C:/Projetos/spring-boot-3-jwt-security/src/main/java/com/alibou/core/security/user/Permission.java:[14,19] constructor Permission in enum com.alibou.core.security.user.Permission cannot be applied to given types;
[ERROR]   required: no arguments
[ERROR]   found:    java.lang.String
[ERROR]   reason: actual and formal argument lists differ in length
[ERROR] /C:/Projetos/spring-boot-3-jwt-security/src/main/java/com/alibou/core/security/user/Permission.java:[15,19] constructor Permission in enum com.alibou.core.security.user.Permission cannot be applied to given types;
[ERROR]   required: no arguments
[ERROR]   found:    java.lang.String
[ERROR]   reason: actual and formal argument lists differ in length
[ERROR] /C:/Projetos/spring-boot-3-jwt-security/src/main/java/com/alibou/core/security/user/Permission.java:[16,19] constructor Permission in enum com.alibou.core.security.user.Permission cannot be applied to given types;
[ERROR]   required: no arguments
[ERROR]   found:    java.lang.String
[ERROR]   reason: actual and formal argument lists differ in length
[ERROR] /C:/Projetos/spring-boot-3-jwt-security/src/main/java/com/alibou/core/security/user/Role.java:[24,7] constructor Role in enum com.alibou.core.security.user.Role cannot be applied to given types;
[ERROR]   required: no arguments
[ERROR]   found:    java.util.Set<java.lang.Object>
[ERROR]   reason: actual and formal argument lists differ in length
[ERROR] /C:/Projetos/spring-boot-3-jwt-security/src/main/java/com/alibou/core/security/user/Role.java:[25,8] constructor Role in enum com.alibou.core.security.user.Role cannot be applied to given types;
[ERROR]   required: no arguments
[ERROR]   found:    java.util.Set<com.alibou.core.security.user.Permission>
[ERROR]   reason: actual and formal argument lists differ in length
[ERROR] /C:/Projetos/spring-boot-3-jwt-security/src/main/java/com/alibou/core/security/user/Role.java:[37,10] constructor Role in enum com.alibou.core.security.user.Role cannot be applied to given types;
[ERROR]   required: no arguments
[ERROR]   found:    java.util.Set<com.alibou.core.security.user.Permission>
[ERROR]   reason: actual and formal argument lists differ in length
[ERROR] /C:/Projetos/spring-boot-3-jwt-security/src/main/java/com/alibou/core/security/user/Role.java:[52,23] cannot find symbol
[ERROR]   symbol:   method getPermissions()
[ERROR]   location: class com.alibou.core.security.user.Role
[ERROR] /C:/Projetos/spring-boot-3-jwt-security/src/main/java/com/alibou/core/security/config/LogoutService.java:[33,18] cannot find symbol
[ERROR]   symbol:   method setExpired(boolean)
[ERROR]   location: variable storedToken of type com.alibou.core.security.token.Token
[ERROR] /C:/Projetos/spring-boot-3-jwt-security/src/main/java/com/alibou/core/security/config/LogoutService.java:[34,18] cannot find symbol
[ERROR]   symbol:   method setRevoked(boolean)
[ERROR]   location: variable storedToken of type com.alibou.core.security.token.Token
[ERROR] /C:/Projetos/spring-boot-3-jwt-security/src/main/java/com/alibou/core/security/auditing/ApplicationAuditAware.java:[26,49] cannot find symbol
[ERROR]   symbol:   method getId()
[ERROR]   location: variable userPrincipal of type com.alibou.core.security.user.User
[ERROR] /C:/Projetos/spring-boot-3-jwt-security/src/main/java/com/alibou/core/security/config/JwtAuthenticationFilter.java:[51,23] cannot find symbol
[ERROR]   symbol:   method isExpired()
[ERROR]   location: variable t of type com.alibou.core.security.token.Token
[ERROR] /C:/Projetos/spring-boot-3-jwt-security/src/main/java/com/alibou/core/security/config/JwtAuthenticationFilter.java:[51,41] cannot find symbol
[ERROR]   symbol:   method isRevoked()
[ERROR]   location: variable t of type com.alibou.core.security.token.Token
[ERROR] /C:/Projetos/spring-boot-3-jwt-security/src/main/java/com/alibou/core/security/config/JwtAuthenticationFilter.java:[53,53] bad operand types for binary operator '&&'
[ERROR]   first type:  boolean
[ERROR]   second type: java.lang.Object
[ERROR] /C:/Projetos/spring-boot-3-jwt-security/src/main/java/com/alibou/core/domain/situacao/SituacaoService.java:[17,32] cannot find symbol
[ERROR]   symbol:   method builder()
[ERROR]   location: class com.alibou.core.domain.situacao.Situacao
[ERROR] /C:/Projetos/spring-boot-3-jwt-security/src/main/java/com/alibou/core/domain/situacao/SituacaoService.java:[18,28] cannot find symbol
[ERROR]   symbol:   method getId()
[ERROR]   location: variable request of type com.alibou.core.domain.situacao.SituacaoRequest
[ERROR] /C:/Projetos/spring-boot-3-jwt-security/src/main/java/com/alibou/core/domain/situacao/SituacaoService.java:[19,30] cannot find symbol
[ERROR]   symbol:   method getNome()
[ERROR]   location: variable request of type com.alibou.core.domain.situacao.SituacaoRequest
[ERROR] /C:/Projetos/spring-boot-3-jwt-security/src/main/java/com/alibou/core/domain/situacao/SituacaoService.java:[20,35] cannot find symbol
[ERROR]   symbol:   method getDescricao()
[ERROR]   location: variable request of type com.alibou.core.domain.situacao.SituacaoRequest
[ERROR] /C:/Projetos/spring-boot-3-jwt-security/src/main/java/com/alibou/core/domain/situacao/SituacaoService.java:[37,42] cannot find symbol
[ERROR]   symbol:   method getNome()
[ERROR]   location: variable request of type com.alibou.core.domain.situacao.SituacaoRequest
[ERROR] /C:/Projetos/spring-boot-3-jwt-security/src/main/java/com/alibou/core/domain/situacao/SituacaoService.java:[38,47] cannot find symbol
[ERROR]   symbol:   method getDescricao()
[ERROR]   location: variable request of type com.alibou.core.domain.situacao.SituacaoRequest
[ERROR] /C:/Projetos/spring-boot-3-jwt-security/src/main/java/com/alibou/core/domain/al_servicos/ServicoService.java:[16,30] cannot find symbol
[ERROR]   symbol:   method builder()
[ERROR]   location: class com.alibou.core.domain.servicos.Servico
[ERROR] /C:/Projetos/spring-boot-3-jwt-security/src/main/java/com/alibou/core/domain/al_servicos/ServicoService.java:[17,28] cannot find symbol
[ERROR]   symbol:   method getId()
[ERROR]   location: variable request of type com.alibou.core.domain.servicos.ServicoRequest
[ERROR] /C:/Projetos/spring-boot-3-jwt-security/src/main/java/com/alibou/core/domain/al_servicos/ServicoService.java:[18,30] cannot find symbol
[ERROR]   symbol:   method getNome()
[ERROR]   location: variable request of type com.alibou.core.domain.servicos.ServicoRequest
[ERROR] /C:/Projetos/spring-boot-3-jwt-security/src/main/java/com/alibou/core/domain/al_servicos/ServicoService.java:[19,35] cannot find symbol
[ERROR]   symbol:   method getCategoria()
[ERROR]   location: variable request of type com.alibou.core.domain.servicos.ServicoRequest
[ERROR] /C:/Projetos/spring-boot-3-jwt-security/src/main/java/com/alibou/core/domain/al_servicos/ServicoService.java:[20,41] cannot find symbol
[ERROR]   symbol:   method getDuracao_minutos()
[ERROR]   location: variable request of type com.alibou.core.domain.servicos.ServicoRequest
[ERROR] /C:/Projetos/spring-boot-3-jwt-security/src/main/java/com/alibou/core/domain/al_servicos/ServicoService.java:[21,31] cannot find symbol
[ERROR]   symbol:   method getPreco()
[ERROR]   location: variable request of type com.alibou.core.domain.servicos.ServicoRequest
[ERROR] /C:/Projetos/spring-boot-3-jwt-security/src/main/java/com/alibou/core/domain/al_servicos/ServicoService.java:[22,35] cannot find symbol
[ERROR]   symbol:   method getDescricao()
[ERROR]   location: variable request of type com.alibou.core.domain.servicos.ServicoRequest
[ERROR] /C:/Projetos/spring-boot-3-jwt-security/src/main/java/com/alibou/core/domain/al_servicos/ServicoService.java:[23,35] cannot find symbol
[ERROR]   symbol:   method builder()
[ERROR]   location: class com.alibou.core.domain.situacao.Situacao
[ERROR] /C:/Projetos/spring-boot-3-jwt-security/src/main/java/com/alibou/core/domain/al_servicos/ServicoService.java:[24,51] cannot find symbol
[ERROR]   symbol:   method getId_situacao()
[ERROR]   location: variable request of type com.alibou.core.domain.servicos.ServicoRequest
[ERROR] /C:/Projetos/spring-boot-3-jwt-security/src/main/java/com/alibou/core/domain/al_servicos/ServicoService.java:[43,41] cannot find symbol
[ERROR]   symbol:   method getNome()
[ERROR]   location: variable request of type com.alibou.core.domain.servicos.ServicoRequest
[ERROR] /C:/Projetos/spring-boot-3-jwt-security/src/main/java/com/alibou/core/domain/al_servicos/ServicoService.java:[44,46] cannot find symbol
[ERROR]   symbol:   method getCategoria()
[ERROR]   location: variable request of type com.alibou.core.domain.servicos.ServicoRequest
[ERROR] /C:/Projetos/spring-boot-3-jwt-security/src/main/java/com/alibou/core/domain/al_servicos/ServicoService.java:[45,52] cannot find symbol
[ERROR]   symbol:   method getDuracao_minutos()
[ERROR]   location: variable request of type com.alibou.core.domain.servicos.ServicoRequest
[ERROR] /C:/Projetos/spring-boot-3-jwt-security/src/main/java/com/alibou/core/domain/al_servicos/ServicoService.java:[46,42] cannot find symbol
[ERROR]   symbol:   method getPreco()
[ERROR]   location: variable request of type com.alibou.core.domain.servicos.ServicoRequest
[ERROR] /C:/Projetos/spring-boot-3-jwt-security/src/main/java/com/alibou/core/domain/al_servicos/ServicoService.java:[47,46] cannot find symbol
[ERROR]   symbol:   method getDescricao()
[ERROR]   location: variable request of type com.alibou.core.domain.servicos.ServicoRequest
[ERROR] /C:/Projetos/spring-boot-3-jwt-security/src/main/java/com/alibou/core/domain/al_servicos/ServicoService.java:[49,25] cannot find symbol
[ERROR]   symbol:   method builder()
[ERROR]   location: class com.alibou.core.domain.situacao.Situacao
[ERROR] /C:/Projetos/spring-boot-3-jwt-security/src/main/java/com/alibou/core/domain/al_servicos/ServicoService.java:[50,36] cannot find symbol
[ERROR]   symbol:   method getId_situacao()
[ERROR]   location: variable request of type com.alibou.core.domain.servicos.ServicoRequest
[ERROR] /C:/Projetos/spring-boot-3-jwt-security/src/main/java/com/alibou/core/security/auth/AuthenticationService.java:[31,20] cannot find symbol
[ERROR]   symbol:   method builder()
[ERROR]   location: class com.alibou.core.security.user.User
[ERROR] /C:/Projetos/spring-boot-3-jwt-security/src/main/java/com/alibou/core/security/auth/AuthenticationService.java:[32,27] cannot find symbol
[ERROR]   symbol:   method getFirstname()
[ERROR]   location: variable request of type com.alibou.core.security.auth.RegisterRequest
[ERROR] /C:/Projetos/spring-boot-3-jwt-security/src/main/java/com/alibou/core/security/auth/AuthenticationService.java:[33,26] cannot find symbol
[ERROR]   symbol:   method getLastname()
[ERROR]   location: variable request of type com.alibou.core.security.auth.RegisterRequest
[ERROR] /C:/Projetos/spring-boot-3-jwt-security/src/main/java/com/alibou/core/security/auth/AuthenticationService.java:[34,23] cannot find symbol
[ERROR]   symbol:   method getEmail()
[ERROR]   location: variable request of type com.alibou.core.security.auth.RegisterRequest
[ERROR] /C:/Projetos/spring-boot-3-jwt-security/src/main/java/com/alibou/core/security/auth/AuthenticationService.java:[35,49] cannot find symbol
[ERROR]   symbol:   method getPassword()
[ERROR]   location: variable request of type com.alibou.core.security.auth.RegisterRequest
[ERROR] /C:/Projetos/spring-boot-3-jwt-security/src/main/java/com/alibou/core/security/auth/AuthenticationService.java:[36,22] cannot find symbol
[ERROR]   symbol:   method getRole()
[ERROR]   location: variable request of type com.alibou.core.security.auth.RegisterRequest
[ERROR] /C:/Projetos/spring-boot-3-jwt-security/src/main/java/com/alibou/core/security/auth/AuthenticationService.java:[42,34] cannot find symbol
[ERROR]   symbol:   method builder()
[ERROR]   location: class com.alibou.core.security.auth.AuthenticationResponse
[ERROR] /C:/Projetos/spring-boot-3-jwt-security/src/main/java/com/alibou/core/security/auth/AuthenticationService.java:[51,20] cannot find symbol
[ERROR]   symbol:   method getEmail()
[ERROR]   location: variable request of type com.alibou.core.security.auth.AuthenticationRequest
[ERROR] /C:/Projetos/spring-boot-3-jwt-security/src/main/java/com/alibou/core/security/auth/AuthenticationService.java:[52,20] cannot find symbol
[ERROR]   symbol:   method getPassword()
[ERROR]   location: variable request of type com.alibou.core.security.auth.AuthenticationRequest
[ERROR] /C:/Projetos/spring-boot-3-jwt-security/src/main/java/com/alibou/core/security/auth/AuthenticationService.java:[55,46] cannot find symbol
[ERROR]   symbol:   method getEmail()
[ERROR]   location: variable request of type com.alibou.core.security.auth.AuthenticationRequest
[ERROR] /C:/Projetos/spring-boot-3-jwt-security/src/main/java/com/alibou/core/security/auth/AuthenticationService.java:[61,34] cannot find symbol
[ERROR]   symbol:   method builder()
[ERROR]   location: class com.alibou.core.security.auth.AuthenticationResponse
[ERROR] /C:/Projetos/spring-boot-3-jwt-security/src/main/java/com/alibou/core/security/auth/AuthenticationService.java:[68,22] cannot find symbol
[ERROR]   symbol:   method builder()
[ERROR]   location: class com.alibou.core.security.token.Token
[ERROR] /C:/Projetos/spring-boot-3-jwt-security/src/main/java/com/alibou/core/security/auth/AuthenticationService.java:[79,71] cannot find symbol
[ERROR]   symbol:   method getId()
[ERROR]   location: variable user of type com.alibou.core.security.user.User
[ERROR] /C:/Projetos/spring-boot-3-jwt-security/src/main/java/com/alibou/core/security/auth/AuthenticationService.java:[108,50] cannot find symbol
[ERROR]   symbol:   method builder()
[ERROR]   location: class com.alibou.core.security.auth.AuthenticationResponse
[ERROR] /C:/Projetos/spring-boot-3-jwt-security/src/main/java/com/alibou/core/SecurityApplication.java:[28,44] cannot find symbol
[ERROR]   symbol:   method builder()
[ERROR]   location: class com.alibou.core.security.auth.RegisterRequest
[ERROR] /C:/Projetos/spring-boot-3-jwt-security/src/main/java/com/alibou/core/SecurityApplication.java:[42,46] cannot find symbol
[ERROR]   symbol:   method builder()
[ERROR]   location: class com.alibou.core.security.auth.RegisterRequest
[ERROR] /C:/Projetos/spring-boot-3-jwt-security/src/main/java/com/alibou/core/domain/al_produtos/ProdutoService.java:[16,30] cannot find symbol
[ERROR]   symbol:   method builder()
[ERROR]   location: class com.alibou.core.domain.produtos.Produto
[ERROR] /C:/Projetos/spring-boot-3-jwt-security/src/main/java/com/alibou/core/domain/al_produtos/ProdutoService.java:[17,28] cannot find symbol
[ERROR]   symbol:   method getId()
[ERROR]   location: variable request of type com.alibou.core.domain.produtos.ProdutoRequest
[ERROR] /C:/Projetos/spring-boot-3-jwt-security/src/main/java/com/alibou/core/domain/al_produtos/ProdutoService.java:[18,30] cannot find symbol
[ERROR]   symbol:   method getNome()
[ERROR]   location: variable request of type com.alibou.core.domain.produtos.ProdutoRequest
[ERROR] /C:/Projetos/spring-boot-3-jwt-security/src/main/java/com/alibou/core/domain/al_produtos/ProdutoService.java:[19,35] cannot find symbol
[ERROR]   symbol:   method getCategoria()
[ERROR]   location: variable request of type com.alibou.core.domain.produtos.ProdutoRequest
[ERROR] /C:/Projetos/spring-boot-3-jwt-security/src/main/java/com/alibou/core/domain/al_produtos/ProdutoService.java:[20,37] cannot find symbol
[ERROR]   symbol:   method getPrecoCompra()
[ERROR]   location: variable request of type com.alibou.core.domain.produtos.ProdutoRequest
[ERROR] /C:/Projetos/spring-boot-3-jwt-security/src/main/java/com/alibou/core/domain/al_produtos/ProdutoService.java:[21,36] cannot find symbol
[ERROR]   symbol:   method getPrecoVenda()
[ERROR]   location: variable request of type com.alibou.core.domain.produtos.ProdutoRequest
[ERROR] /C:/Projetos/spring-boot-3-jwt-security/src/main/java/com/alibou/core/domain/al_produtos/ProdutoService.java:[22,35] cannot find symbol
[ERROR]   symbol:   method getDescricao()
[ERROR]   location: variable request of type com.alibou.core.domain.produtos.ProdutoRequest
[ERROR] /C:/Projetos/spring-boot-3-jwt-security/src/main/java/com/alibou/core/domain/al_produtos/ProdutoService.java:[23,35] cannot find symbol
[ERROR]   symbol:   method builder()
[ERROR]   location: class com.alibou.core.domain.situacao.Situacao
[ERROR] /C:/Projetos/spring-boot-3-jwt-security/src/main/java/com/alibou/core/domain/al_produtos/ProdutoService.java:[24,51] cannot find symbol
[ERROR]   symbol:   method getId_situacao()
[ERROR]   location: variable request of type com.alibou.core.domain.produtos.ProdutoRequest
[ERROR] /C:/Projetos/spring-boot-3-jwt-security/src/main/java/com/alibou/core/domain/al_produtos/ProdutoService.java:[43,41] cannot find symbol
[ERROR]   symbol:   method getNome()
[ERROR]   location: variable request of type com.alibou.core.domain.produtos.ProdutoRequest
[ERROR] /C:/Projetos/spring-boot-3-jwt-security/src/main/java/com/alibou/core/domain/al_produtos/ProdutoService.java:[44,46] cannot find symbol
[ERROR]   symbol:   method getCategoria()
[ERROR]   location: variable request of type com.alibou.core.domain.produtos.ProdutoRequest
[ERROR] /C:/Projetos/spring-boot-3-jwt-security/src/main/java/com/alibou/core/domain/al_produtos/ProdutoService.java:[45,48] cannot find symbol
[ERROR]   symbol:   method getPrecoCompra()
[ERROR]   location: variable request of type com.alibou.core.domain.produtos.ProdutoRequest
[ERROR] /C:/Projetos/spring-boot-3-jwt-security/src/main/java/com/alibou/core/domain/al_produtos/ProdutoService.java:[46,47] cannot find symbol
[ERROR]   symbol:   method getPrecoVenda()
[ERROR]   location: variable request of type com.alibou.core.domain.produtos.ProdutoRequest
[ERROR] /C:/Projetos/spring-boot-3-jwt-security/src/main/java/com/alibou/core/domain/al_produtos/ProdutoService.java:[47,46] cannot find symbol
[ERROR]   symbol:   method getDescricao()
[ERROR]   location: variable request of type com.alibou.core.domain.produtos.ProdutoRequest
[ERROR] /C:/Projetos/spring-boot-3-jwt-security/src/main/java/com/alibou/core/domain/al_produtos/ProdutoService.java:[49,25] cannot find symbol
[ERROR]   symbol:   method builder()
[ERROR]   location: class com.alibou.core.domain.situacao.Situacao
[ERROR] /C:/Projetos/spring-boot-3-jwt-security/src/main/java/com/alibou/core/domain/al_produtos/ProdutoService.java:[50,36] cannot find symbol
[ERROR]   symbol:   method getId_situacao()
[ERROR]   location: variable request of type com.alibou.core.domain.produtos.ProdutoRequest
[ERROR] -> [Help 1]
[ERROR] 
[ERROR] To see the full stack trace of the errors, re-run Maven with the -e switch.
[ERROR] Re-run Maven using the -X switch to enable full debug logging.
[ERROR] 
[ERROR] For more information about the errors and possible solutions, please read the following articles:
[ERROR] [Help 1] http://cwiki.apache.org/confluence/display/MAVEN/MojoFailureException
